Copyright 1986-2020 Xilinx, Inc. All Rights Reserved.
----------------------------------------------------------------------------------------------------------
| Tool Version : Vivado v.2020.1 (lin64) Build 2902540 Wed May 27 19:54:35 MDT 2020
| Date         : Sun Sep 13 20:37:00 2020
| Host         : swiftie running 64-bit unknown
| Command      : report_control_sets -verbose -file selection_sort_design_wrapper_control_sets_placed.rpt
| Design       : selection_sort_design_wrapper
| Device       : xc7z010
----------------------------------------------------------------------------------------------------------

Control Set Information

Table of Contents
-----------------
1. Summary
2. Histogram
3. Flip-Flop Distribution
4. Detailed Control Set Information

1. Summary
----------

+----------------------------------------------------------+-------+
|                          Status                          | Count |
+----------------------------------------------------------+-------+
| Total control sets                                       |    65 |
|    Minimum number of control sets                        |    65 |
|    Addition due to synthesis replication                 |     0 |
|    Addition due to physical synthesis replication        |     0 |
| Unused register locations in slices containing registers |   111 |
+----------------------------------------------------------+-------+
* Control sets can be merged at opt_design using control_set_merge or merge_equivalent_drivers
** Run report_qor_suggestions for automated merging and remapping suggestions


2. Histogram
------------

+--------------------+-------+
|       Fanout       | Count |
+--------------------+-------+
| Total control sets |    65 |
| >= 0 to < 4        |     2 |
| >= 4 to < 6        |     9 |
| >= 6 to < 8        |     2 |
| >= 8 to < 10       |    28 |
| >= 10 to < 12      |     4 |
| >= 12 to < 14      |     2 |
| >= 14 to < 16      |     3 |
| >= 16              |    15 |
+--------------------+-------+
* Control sets can be remapped at either synth_design or opt_design


3. Flip-Flop Distribution
-------------------------

+--------------+-----------------------+------------------------+-----------------+--------------+
| Clock Enable | Synchronous Set/Reset | Asynchronous Set/Reset | Total Registers | Total Slices |
+--------------+-----------------------+------------------------+-----------------+--------------+
| No           | No                    | No                     |             143 |           44 |
| No           | No                    | Yes                    |               1 |            1 |
| No           | Yes                   | No                     |              53 |           23 |
| Yes          | No                    | No                     |             392 |           85 |
| Yes          | No                    | Yes                    |              42 |           15 |
| Yes          | Yes                   | No                     |             298 |           73 |
+--------------+-----------------------+------------------------+-----------------+--------------+


4. Detailed Control Set Information
-----------------------------------

+--------------------------------------------------------------+-----------------------------------------------------------------------------------------------------------------------------------------------------------------------------+--------------------------------------------------------------------------------------------------------------------------------------------------+------------------+----------------+--------------+
|                         Clock Signal                         |                                                                                Enable Signal                                                                                |                                                                 Set/Reset Signal                                                                 | Slice Load Count | Bel Load Count | Bels / Slice |
+--------------------------------------------------------------+-----------------------------------------------------------------------------------------------------------------------------------------------------------------------------+--------------------------------------------------------------------------------------------------------------------------------------------------+------------------+----------------+--------------+
|  selection_sort_design_i/processing_system7_0/inst/FCLK_CLK0 |                                                                                                                                                                             | selection_sort_design_i/sort_controller_0/U0/sort_controller_v1_0_S00_AXI_inst/sort_controller/cnt_value[3]_i_2_n_0                              |                1 |              1 |         1.00 |
|  selection_sort_design_i/processing_system7_0/inst/FCLK_CLK0 | selection_sort_design_i/ps7_0_axi_periph/s00_couplers/auto_pc/inst/gen_axilite.gen_b2s_conv.axilite_b2s/WR.b_channel_0/bid_fifo_0/bresp_push                                |                                                                                                                                                  |                1 |              2 |         2.00 |
|  selection_sort_design_i/processing_system7_0/inst/FCLK_CLK0 |                                                                                                                                                                             | selection_sort_design_i/ps7_0_axi_periph/s00_couplers/auto_pc/inst/gen_axilite.gen_b2s_conv.axilite_b2s/SI_REG/ar.ar_pipe/aresetn_d_reg[1]_inv_0 |                2 |              4 |         2.00 |
|  selection_sort_design_i/processing_system7_0/inst/FCLK_CLK0 |                                                                                                                                                                             | selection_sort_design_i/ps7_0_axi_periph/s00_couplers/auto_pc/inst/gen_axilite.gen_b2s_conv.axilite_b2s/SI_REG/aw.aw_pipe/aresetn_d_reg[0]_0     |                3 |              4 |         1.33 |
|  selection_sort_design_i/processing_system7_0/inst/FCLK_CLK0 |                                                                                                                                                                             | selection_sort_design_i/rst_ps7_0_100M/U0/EXT_LPF/lpf_int                                                                                        |                3 |              4 |         1.33 |
|  selection_sort_design_i/processing_system7_0/inst/FCLK_CLK0 | selection_sort_design_i/ps7_0_axi_periph/s00_couplers/auto_pc/inst/gen_axilite.gen_b2s_conv.axilite_b2s/RD.ar_channel_0/ar_cmd_fsm_0/sel_first_reg_1[0]                     |                                                                                                                                                  |                1 |              4 |         4.00 |
|  selection_sort_design_i/processing_system7_0/inst/FCLK_CLK0 | selection_sort_design_i/ps7_0_axi_periph/s00_couplers/auto_pc/inst/gen_axilite.gen_b2s_conv.axilite_b2s/WR.aw_channel_0/cmd_translator_0/incr_cmd_0/axaddr_incr[11]_i_1_n_0 |                                                                                                                                                  |                1 |              4 |         4.00 |
|  selection_sort_design_i/processing_system7_0/inst/FCLK_CLK0 | selection_sort_design_i/ps7_0_axi_periph/s00_couplers/auto_pc/inst/gen_axilite.gen_b2s_conv.axilite_b2s/RD.ar_channel_0/ar_cmd_fsm_0/E[0]                                   |                                                                                                                                                  |                2 |              4 |         2.00 |
|  selection_sort_design_i/processing_system7_0/inst/FCLK_CLK0 | selection_sort_design_i/ps7_0_axi_periph/s00_couplers/auto_pc/inst/gen_axilite.gen_b2s_conv.axilite_b2s/WR.aw_channel_0/aw_cmd_fsm_0/FSM_sequential_state_reg[1]_0[0]       |                                                                                                                                                  |                1 |              4 |         4.00 |
|  selection_sort_design_i/processing_system7_0/inst/FCLK_CLK0 | selection_sort_design_i/ps7_0_axi_periph/s00_couplers/auto_pc/inst/gen_axilite.gen_b2s_conv.axilite_b2s/RD.r_channel_0/rd_data_fifo_0/cnt_read[4]_i_1_n_0                   | selection_sort_design_i/ps7_0_axi_periph/s00_couplers/auto_pc/inst/gen_axilite.gen_b2s_conv.axilite_b2s/areset_d1                                |                2 |              5 |         2.50 |
|  selection_sort_design_i/processing_system7_0/inst/FCLK_CLK0 | selection_sort_design_i/ps7_0_axi_periph/s00_couplers/auto_pc/inst/gen_axilite.gen_b2s_conv.axilite_b2s/RD.r_channel_0/transaction_fifo_0/cnt_read[4]_i_1__0_n_0            | selection_sort_design_i/ps7_0_axi_periph/s00_couplers/auto_pc/inst/gen_axilite.gen_b2s_conv.axilite_b2s/areset_d1                                |                2 |              5 |         2.50 |
|  selection_sort_design_i/processing_system7_0/inst/FCLK_CLK0 | selection_sort_design_i/selection_sort_0/U0/selection_sort_v1_0_S00_AXI_inst/selection_sort_hw/control/FSM_onehot_current_state[2]_i_1_n_0                                  | selection_sort_design_i/selection_sort_0/U0/selection_sort_v1_0_S00_AXI_inst/selection_sort_hw/reg_min_i/AR[0]                                   |                2 |              6 |         3.00 |
|  selection_sort_design_i/processing_system7_0/inst/FCLK_CLK0 | selection_sort_design_i/rst_ps7_0_100M/U0/SEQ/seq_cnt_en                                                                                                                    | selection_sort_design_i/rst_ps7_0_100M/U0/SEQ/SEQ_COUNTER/clear                                                                                  |                1 |              6 |         6.00 |
|  selection_sort_design_i/processing_system7_0/inst/FCLK_CLK0 | selection_sort_design_i/sort_controller_0/U0/sort_controller_v1_0_S00_AXI_inst/p_1_in[15]                                                                                   | selection_sort_design_i/sort_controller_0/U0/sort_controller_v1_0_S00_AXI_inst/axi_awready_i_1_n_0                                               |                2 |              8 |         4.00 |
|  selection_sort_design_i/processing_system7_0/inst/FCLK_CLK0 | selection_sort_design_i/selection_sort_0/U0/selection_sort_v1_0_S00_AXI_inst/slv_reg0[23]_i_1_n_0                                                                           | selection_sort_design_i/selection_sort_0/U0/selection_sort_v1_0_S00_AXI_inst/axi_awready_i_1_n_0                                                 |                3 |              8 |         2.67 |
|  selection_sort_design_i/processing_system7_0/inst/FCLK_CLK0 | selection_sort_design_i/selection_sort_0/U0/selection_sort_v1_0_S00_AXI_inst/slv_reg0[31]_i_1_n_0                                                                           | selection_sort_design_i/selection_sort_0/U0/selection_sort_v1_0_S00_AXI_inst/axi_awready_i_1_n_0                                                 |                1 |              8 |         8.00 |
|  selection_sort_design_i/processing_system7_0/inst/FCLK_CLK0 | selection_sort_design_i/selection_sort_0/U0/selection_sort_v1_0_S00_AXI_inst/slv_reg0[7]_i_1_n_0                                                                            | selection_sort_design_i/selection_sort_0/U0/selection_sort_v1_0_S00_AXI_inst/axi_awready_i_1_n_0                                                 |                1 |              8 |         8.00 |
|  selection_sort_design_i/processing_system7_0/inst/FCLK_CLK0 | selection_sort_design_i/selection_sort_0/U0/selection_sort_v1_0_S00_AXI_inst/slv_reg1[15]_i_1_n_0                                                                           | selection_sort_design_i/selection_sort_0/U0/selection_sort_v1_0_S00_AXI_inst/axi_awready_i_1_n_0                                                 |                1 |              8 |         8.00 |
|  selection_sort_design_i/processing_system7_0/inst/FCLK_CLK0 | selection_sort_design_i/selection_sort_0/U0/selection_sort_v1_0_S00_AXI_inst/slv_reg1[23]_i_1_n_0                                                                           | selection_sort_design_i/selection_sort_0/U0/selection_sort_v1_0_S00_AXI_inst/axi_awready_i_1_n_0                                                 |                2 |              8 |         4.00 |
|  selection_sort_design_i/processing_system7_0/inst/FCLK_CLK0 | selection_sort_design_i/selection_sort_0/U0/selection_sort_v1_0_S00_AXI_inst/slv_reg1[31]_i_1_n_0                                                                           | selection_sort_design_i/selection_sort_0/U0/selection_sort_v1_0_S00_AXI_inst/axi_awready_i_1_n_0                                                 |                2 |              8 |         4.00 |
|  selection_sort_design_i/processing_system7_0/inst/FCLK_CLK0 | selection_sort_design_i/selection_sort_0/U0/selection_sort_v1_0_S00_AXI_inst/slv_reg1[7]_i_1_n_0                                                                            | selection_sort_design_i/selection_sort_0/U0/selection_sort_v1_0_S00_AXI_inst/axi_awready_i_1_n_0                                                 |                2 |              8 |         4.00 |
|  selection_sort_design_i/processing_system7_0/inst/FCLK_CLK0 | selection_sort_design_i/selection_sort_0/U0/selection_sort_v1_0_S00_AXI_inst/slv_reg2[15]_i_1_n_0                                                                           | selection_sort_design_i/selection_sort_0/U0/selection_sort_v1_0_S00_AXI_inst/axi_awready_i_1_n_0                                                 |                1 |              8 |         8.00 |
|  selection_sort_design_i/processing_system7_0/inst/FCLK_CLK0 | selection_sort_design_i/sort_controller_0/U0/sort_controller_v1_0_S00_AXI_inst/p_1_in[31]                                                                                   | selection_sort_design_i/sort_controller_0/U0/sort_controller_v1_0_S00_AXI_inst/axi_awready_i_1_n_0                                               |                2 |              8 |         4.00 |
|  selection_sort_design_i/processing_system7_0/inst/FCLK_CLK0 | selection_sort_design_i/sort_controller_0/U0/sort_controller_v1_0_S00_AXI_inst/p_1_in[23]                                                                                   | selection_sort_design_i/sort_controller_0/U0/sort_controller_v1_0_S00_AXI_inst/axi_awready_i_1_n_0                                               |                1 |              8 |         8.00 |
|  selection_sort_design_i/processing_system7_0/inst/FCLK_CLK0 | selection_sort_design_i/sort_controller_0/U0/sort_controller_v1_0_S00_AXI_inst/slv_reg0[7]_i_1_n_0                                                                          | selection_sort_design_i/sort_controller_0/U0/sort_controller_v1_0_S00_AXI_inst/axi_awready_i_1_n_0                                               |                1 |              8 |         8.00 |
|  selection_sort_design_i/processing_system7_0/inst/FCLK_CLK0 | selection_sort_design_i/selection_sort_0/U0/selection_sort_v1_0_S00_AXI_inst/slv_reg2[23]_i_1_n_0                                                                           | selection_sort_design_i/selection_sort_0/U0/selection_sort_v1_0_S00_AXI_inst/axi_awready_i_1_n_0                                                 |                1 |              8 |         8.00 |
|  selection_sort_design_i/processing_system7_0/inst/FCLK_CLK0 | selection_sort_design_i/selection_sort_0/U0/selection_sort_v1_0_S00_AXI_inst/slv_reg2[31]_i_1_n_0                                                                           | selection_sort_design_i/selection_sort_0/U0/selection_sort_v1_0_S00_AXI_inst/axi_awready_i_1_n_0                                                 |                2 |              8 |         4.00 |
|  selection_sort_design_i/processing_system7_0/inst/FCLK_CLK0 | selection_sort_design_i/selection_sort_0/U0/selection_sort_v1_0_S00_AXI_inst/slv_reg2[7]_i_1_n_0                                                                            | selection_sort_design_i/selection_sort_0/U0/selection_sort_v1_0_S00_AXI_inst/axi_awready_i_1_n_0                                                 |                2 |              8 |         4.00 |
|  selection_sort_design_i/processing_system7_0/inst/FCLK_CLK0 | selection_sort_design_i/sort_controller_0/U0/sort_controller_v1_0_S00_AXI_inst/p_1_in[7]                                                                                    | selection_sort_design_i/sort_controller_0/U0/sort_controller_v1_0_S00_AXI_inst/axi_awready_i_1_n_0                                               |                1 |              8 |         8.00 |
|  selection_sort_design_i/processing_system7_0/inst/FCLK_CLK0 | selection_sort_design_i/selection_sort_0/U0/selection_sort_v1_0_S00_AXI_inst/p_1_in[7]                                                                                      | selection_sort_design_i/selection_sort_0/U0/selection_sort_v1_0_S00_AXI_inst/axi_awready_i_1_n_0                                                 |                1 |              8 |         8.00 |
|  selection_sort_design_i/processing_system7_0/inst/FCLK_CLK0 | selection_sort_design_i/selection_sort_0/U0/selection_sort_v1_0_S00_AXI_inst/selection_sort_hw/control/E[0]                                                                 | selection_sort_design_i/selection_sort_0/U0/selection_sort_v1_0_S00_AXI_inst/selection_sort_hw/reg_min_i/AR[0]                                   |                3 |              8 |         2.67 |
|  selection_sort_design_i/processing_system7_0/inst/FCLK_CLK0 | selection_sort_design_i/selection_sort_0/U0/selection_sort_v1_0_S00_AXI_inst/p_1_in[15]                                                                                     | selection_sort_design_i/selection_sort_0/U0/selection_sort_v1_0_S00_AXI_inst/axi_awready_i_1_n_0                                                 |                1 |              8 |         8.00 |
|  selection_sort_design_i/processing_system7_0/inst/FCLK_CLK0 | selection_sort_design_i/selection_sort_0/U0/selection_sort_v1_0_S00_AXI_inst/p_1_in[23]                                                                                     | selection_sort_design_i/selection_sort_0/U0/selection_sort_v1_0_S00_AXI_inst/axi_awready_i_1_n_0                                                 |                2 |              8 |         4.00 |
|  selection_sort_design_i/processing_system7_0/inst/FCLK_CLK0 | selection_sort_design_i/selection_sort_0/U0/selection_sort_v1_0_S00_AXI_inst/p_1_in[31]                                                                                     | selection_sort_design_i/selection_sort_0/U0/selection_sort_v1_0_S00_AXI_inst/axi_awready_i_1_n_0                                                 |                1 |              8 |         8.00 |
|  selection_sort_design_i/processing_system7_0/inst/FCLK_CLK0 | selection_sort_design_i/sort_controller_0/U0/sort_controller_v1_0_S00_AXI_inst/slv_reg0[15]_i_1_n_0                                                                         | selection_sort_design_i/sort_controller_0/U0/sort_controller_v1_0_S00_AXI_inst/axi_awready_i_1_n_0                                               |                2 |              8 |         4.00 |
|  selection_sort_design_i/processing_system7_0/inst/FCLK_CLK0 | selection_sort_design_i/sort_controller_0/U0/sort_controller_v1_0_S00_AXI_inst/slv_reg0[23]_i_1_n_0                                                                         | selection_sort_design_i/sort_controller_0/U0/sort_controller_v1_0_S00_AXI_inst/axi_awready_i_1_n_0                                               |                1 |              8 |         8.00 |
|  selection_sort_design_i/processing_system7_0/inst/FCLK_CLK0 | selection_sort_design_i/sort_controller_0/U0/sort_controller_v1_0_S00_AXI_inst/slv_reg0[31]_i_1_n_0                                                                         | selection_sort_design_i/sort_controller_0/U0/sort_controller_v1_0_S00_AXI_inst/axi_awready_i_1_n_0                                               |                1 |              8 |         8.00 |
|  selection_sort_design_i/processing_system7_0/inst/FCLK_CLK0 | selection_sort_design_i/selection_sort_0/U0/selection_sort_v1_0_S00_AXI_inst/selection_sort_hw/control/Q[4]                                                                 | selection_sort_design_i/selection_sort_0/U0/selection_sort_v1_0_S00_AXI_inst/selection_sort_hw/reg_min_i/AR[0]                                   |                3 |              8 |         2.67 |
|  selection_sort_design_i/processing_system7_0/inst/FCLK_CLK0 | selection_sort_design_i/selection_sort_0/U0/selection_sort_v1_0_S00_AXI_inst/selection_sort_hw/control/Q[0]                                                                 | selection_sort_design_i/selection_sort_0/U0/selection_sort_v1_0_S00_AXI_inst/selection_sort_hw/reg_min_i/AR[0]                                   |                3 |              8 |         2.67 |
|  selection_sort_design_i/processing_system7_0/inst/FCLK_CLK0 | selection_sort_design_i/selection_sort_0/U0/selection_sort_v1_0_S00_AXI_inst/slv_reg0[15]_i_1_n_0                                                                           | selection_sort_design_i/selection_sort_0/U0/selection_sort_v1_0_S00_AXI_inst/axi_awready_i_1_n_0                                                 |                2 |              8 |         4.00 |
|  selection_sort_design_i/processing_system7_0/inst/FCLK_CLK0 | selection_sort_design_i/ps7_0_axi_periph/s00_couplers/auto_pc/inst/gen_axilite.gen_b2s_conv.axilite_b2s/WR.b_channel_0/mhandshake_r                                         | selection_sort_design_i/ps7_0_axi_periph/s00_couplers/auto_pc/inst/gen_axilite.gen_b2s_conv.axilite_b2s/WR.b_channel_0/bid_fifo_0/SR[0]          |                2 |              8 |         4.00 |
|  selection_sort_design_i/processing_system7_0/inst/FCLK_CLK0 |                                                                                                                                                                             | selection_sort_design_i/ps7_0_axi_periph/s00_couplers/auto_pc/inst/gen_axilite.gen_b2s_conv.axilite_b2s/areset_d1                                |                4 |             10 |         2.50 |
|  selection_sort_design_i/processing_system7_0/inst/FCLK_CLK0 |                                                                                                                                                                             | selection_sort_design_i/selection_sort_0/U0/selection_sort_v1_0_S00_AXI_inst/axi_awready_i_1_n_0                                                 |                3 |             10 |         3.33 |
|  selection_sort_design_i/processing_system7_0/inst/FCLK_CLK0 |                                                                                                                                                                             | selection_sort_design_i/sort_controller_0/U0/sort_controller_v1_0_S00_AXI_inst/axi_awready_i_1_n_0                                               |                4 |             10 |         2.50 |
|  selection_sort_design_i/processing_system7_0/inst/FCLK_CLK0 |                                                                                                                                                                             | selection_sort_design_i/ps7_0_axi_periph/xbar/inst/gen_sasd.crossbar_sasd_0/addr_arbiter_inst/SR[0]                                              |                4 |             11 |         2.75 |
|  selection_sort_design_i/processing_system7_0/inst/FCLK_CLK0 | selection_sort_design_i/selection_sort_0/U0/selection_sort_v1_0_S00_AXI_inst/selection_sort_hw/control/FSM_onehot_current_state_reg[1]_0[0]                                 | selection_sort_design_i/selection_sort_0/U0/selection_sort_v1_0_S00_AXI_inst/selection_sort_hw/reg_min_i/AR[0]                                   |                4 |             12 |         3.00 |
|  selection_sort_design_i/processing_system7_0/inst/FCLK_CLK0 | selection_sort_design_i/ps7_0_axi_periph/s00_couplers/auto_pc/inst/gen_axilite.gen_b2s_conv.axilite_b2s/RD.r_channel_0/r_push_r                                             |                                                                                                                                                  |                4 |             13 |         3.25 |
|  selection_sort_design_i/processing_system7_0/inst/FCLK_CLK0 | selection_sort_design_i/ps7_0_axi_periph/s00_couplers/auto_pc/inst/gen_axilite.gen_b2s_conv.axilite_b2s/SI_REG/b.b_pipe/p_1_in                                              |                                                                                                                                                  |                2 |             14 |         7.00 |
|  selection_sort_design_i/processing_system7_0/inst/FCLK_CLK0 | selection_sort_design_i/ps7_0_axi_periph/s00_couplers/auto_pc/inst/gen_axilite.gen_b2s_conv.axilite_b2s/SI_REG/b.b_pipe/s_ready_i_reg_0                                     |                                                                                                                                                  |                2 |             14 |         7.00 |
|  selection_sort_design_i/processing_system7_0/inst/FCLK_CLK0 | selection_sort_design_i/ps7_0_axi_periph/xbar/inst/gen_sasd.crossbar_sasd_0/reg_slice_r/aa_rready                                                                           |                                                                                                                                                  |                4 |             15 |         3.75 |
|  selection_sort_design_i/processing_system7_0/inst/FCLK_CLK0 | selection_sort_design_i/ps7_0_axi_periph/s00_couplers/auto_pc/inst/gen_axilite.gen_b2s_conv.axilite_b2s/RD.ar_channel_0/ar_cmd_fsm_0/m_valid_i_reg[0]                       |                                                                                                                                                  |                6 |             16 |         2.67 |
|  selection_sort_design_i/processing_system7_0/inst/FCLK_CLK0 | selection_sort_design_i/ps7_0_axi_periph/s00_couplers/auto_pc/inst/gen_axilite.gen_b2s_conv.axilite_b2s/WR.aw_channel_0/aw_cmd_fsm_0/E[0]                                   |                                                                                                                                                  |                6 |             16 |         2.67 |
|  selection_sort_design_i/processing_system7_0/inst/FCLK_CLK0 | selection_sort_design_i/ps7_0_axi_periph/s00_couplers/auto_pc/inst/gen_axilite.gen_b2s_conv.axilite_b2s/WR.b_channel_0/bid_fifo_0/sel                                       |                                                                                                                                                  |                3 |             16 |         5.33 |
|  selection_sort_design_i/processing_system7_0/inst/FCLK_CLK0 | selection_sort_design_i/ps7_0_axi_periph/xbar/inst/gen_sasd.crossbar_sasd_0/addr_arbiter_inst/p_0_in1_in                                                                    | selection_sort_design_i/ps7_0_axi_periph/xbar/inst/gen_sasd.crossbar_sasd_0/addr_arbiter_inst/SR[0]                                              |                7 |             18 |         2.57 |
|  selection_sort_design_i/processing_system7_0/inst/FCLK_CLK0 | selection_sort_design_i/selection_sort_0/U0/selection_sort_v1_0_S00_AXI_inst/slv_reg_rden                                                                                   | selection_sort_design_i/selection_sort_0/U0/selection_sort_v1_0_S00_AXI_inst/axi_awready_i_1_n_0                                                 |               11 |             32 |         2.91 |
|  selection_sort_design_i/processing_system7_0/inst/FCLK_CLK0 | selection_sort_design_i/sort_controller_0/U0/sort_controller_v1_0_S00_AXI_inst/slv_reg_rden                                                                                 | selection_sort_design_i/sort_controller_0/U0/sort_controller_v1_0_S00_AXI_inst/axi_awready_i_1_n_0                                               |               12 |             32 |         2.67 |
|  selection_sort_design_i/processing_system7_0/inst/FCLK_CLK0 | selection_sort_design_i/ps7_0_axi_periph/s00_couplers/auto_pc/inst/gen_axilite.gen_b2s_conv.axilite_b2s/RD.r_channel_0/rd_data_fifo_0/wr_en0                                |                                                                                                                                                  |                9 |             34 |         3.78 |
|  selection_sort_design_i/processing_system7_0/inst/FCLK_CLK0 | selection_sort_design_i/ps7_0_axi_periph/xbar/inst/gen_sasd.crossbar_sasd_0/addr_arbiter_inst/E[0]                                                                          |                                                                                                                                                  |                5 |             35 |         7.00 |
|  selection_sort_design_i/processing_system7_0/inst/FCLK_CLK0 | selection_sort_design_i/ps7_0_axi_periph/s00_couplers/auto_pc/inst/gen_axilite.gen_b2s_conv.axilite_b2s/RD.ar_channel_0/ar_cmd_fsm_0/m_valid_i_reg_1[0]                     |                                                                                                                                                  |               10 |             43 |         4.30 |
|  selection_sort_design_i/processing_system7_0/inst/FCLK_CLK0 | selection_sort_design_i/ps7_0_axi_periph/s00_couplers/auto_pc/inst/gen_axilite.gen_b2s_conv.axilite_b2s/SI_REG/ar.ar_pipe/s_ready_i_reg_0                                   |                                                                                                                                                  |               12 |             43 |         3.58 |
|  selection_sort_design_i/processing_system7_0/inst/FCLK_CLK0 | selection_sort_design_i/ps7_0_axi_periph/s00_couplers/auto_pc/inst/gen_axilite.gen_b2s_conv.axilite_b2s/SI_REG/aw.aw_pipe/s_ready_i_reg_0                                   |                                                                                                                                                  |               10 |             43 |         4.30 |
|  selection_sort_design_i/processing_system7_0/inst/FCLK_CLK0 | selection_sort_design_i/ps7_0_axi_periph/s00_couplers/auto_pc/inst/gen_axilite.gen_b2s_conv.axilite_b2s/WR.b_channel_0/bid_fifo_0/E[0]                                      |                                                                                                                                                  |                8 |             43 |         5.38 |
|  selection_sort_design_i/processing_system7_0/inst/FCLK_CLK0 | selection_sort_design_i/ps7_0_axi_periph/s00_couplers/auto_pc/inst/gen_axilite.gen_b2s_conv.axilite_b2s/SI_REG/r.r_pipe/s_ready_i_reg_0                                     |                                                                                                                                                  |                8 |             47 |         5.88 |
|  selection_sort_design_i/processing_system7_0/inst/FCLK_CLK0 | selection_sort_design_i/ps7_0_axi_periph/s00_couplers/auto_pc/inst/gen_axilite.gen_b2s_conv.axilite_b2s/SI_REG/r.r_pipe/p_1_in                                              |                                                                                                                                                  |                7 |             47 |         6.71 |
|  selection_sort_design_i/processing_system7_0/inst/FCLK_CLK0 |                                                                                                                                                                             |                                                                                                                                                  |               45 |            144 |         3.20 |
+--------------------------------------------------------------+-----------------------------------------------------------------------------------------------------------------------------------------------------------------------------+--------------------------------------------------------------------------------------------------------------------------------------------------+------------------+----------------+--------------+


